# JRE version: Java(TM) SE Runtime Environment (8.0_271-b09) (build 1.8.0_271-b09)
# Java VM: Java HotSpot(TM) 64-Bit Server VM (25.271-b09 mixed mode windows-amd64 compressed oops)
Heap:
 PSYoungGen      total 138240K, used 86894K [0x00000000f5580000, 0x00000000fe180000, 0x0000000100000000)
  eden space 133120K, 65% used [0x00000000f5580000,0x00000000faa5b988,0x00000000fd780000)
  from space 5120K, 0% used [0x00000000fdc80000,0x00000000fdc80000,0x00000000fe180000)
  to   space 5120K, 0% used [0x00000000fd780000,0x00000000fd780000,0x00000000fdc80000)
 ParOldGen       total 89088K, used 22622K [0x00000000e0000000, 0x00000000e5700000, 0x00000000f5580000)
  object space 89088K, 25% used [0x00000000e0000000,0x00000000e16178d0,0x00000000e5700000)
 Metaspace       used 24690K, capacity 25706K, committed 25984K, reserved 1073152K
  class space    used 2937K, capacity 3177K, committed 3200K, reserved 1048576K
GC Heap History (10 events):
Event: 0.679 GC heap before
{Heap before GC invocations=1 (full 0):
 PSYoungGen      total 38400K, used 33280K [0x00000000f5580000, 0x00000000f8000000, 0x0000000100000000)
  eden space 33280K, 100% used [0x00000000f5580000,0x00000000f7600000,0x00000000f7600000)
  from space 5120K, 0% used [0x00000000f7b00000,0x00000000f7b00000,0x00000000f8000000)
  to   space 5120K, 0% used [0x00000000f7600000,0x00000000f7600000,0x00000000f7b00000)
 ParOldGen       total 87552K, used 0K [0x00000000e0000000, 0x00000000e5580000, 0x00000000f5580000)
  object space 87552K, 0% used [0x00000000e0000000,0x00000000e0000000,0x00000000e5580000)
 Metaspace       used 12471K, capacity 12746K, committed 12928K, reserved 1060864K
  class space    used 1451K, capacity 1555K, committed 1664K, reserved 1048576K
Event: 0.686 GC heap after
Heap after GC invocations=1 (full 0):
 PSYoungGen      total 38400K, used 5118K [0x00000000f5580000, 0x00000000fa080000, 0x0000000100000000)
  eden space 33280K, 0% used [0x00000000f5580000,0x00000000f5580000,0x00000000f7600000)
  from space 5120K, 99% used [0x00000000f7600000,0x00000000f7aff8b8,0x00000000f7b00000)
  to   space 5120K, 0% used [0x00000000f9b80000,0x00000000f9b80000,0x00000000fa080000)
 ParOldGen       total 87552K, used 2510K [0x00000000e0000000, 0x00000000e5580000, 0x00000000f5580000)
  object space 87552K, 2% used [0x00000000e0000000,0x00000000e0273af8,0x00000000e5580000)
 Metaspace       used 12471K, capacity 12746K, committed 12928K, reserved 1060864K
  class space    used 1451K, capacity 1555K, committed 1664K, reserved 1048576K
}
Event: 1.087 GC heap before
{Heap before GC invocations=2 (full 0):
 PSYoungGen      total 38400K, used 38398K [0x00000000f5580000, 0x00000000fa080000, 0x0000000100000000)
  eden space 33280K, 100% used [0x00000000f5580000,0x00000000f7600000,0x00000000f7600000)
  from space 5120K, 99% used [0x00000000f7600000,0x00000000f7aff8b8,0x00000000f7b00000)
  to   space 5120K, 0% used [0x00000000f9b80000,0x00000000f9b80000,0x00000000fa080000)
 ParOldGen       total 87552K, used 2510K [0x00000000e0000000, 0x00000000e5580000, 0x00000000f5580000)
  object space 87552K, 2% used [0x00000000e0000000,0x00000000e0273af8,0x00000000e5580000)
 Metaspace       used 14714K, capacity 14934K, committed 15104K, reserved 1062912K
  class space    used 1695K, capacity 1769K, committed 1792K, reserved 1048576K
Event: 1.096 GC heap after
Heap after GC invocations=2 (full 0):
 PSYoungGen      total 71680K, used 5106K [0x00000000f5580000, 0x00000000fa080000, 0x0000000100000000)
  eden space 66560K, 0% used [0x00000000f5580000,0x00000000f5580000,0x00000000f9680000)
  from space 5120K, 99% used [0x00000000f9b80000,0x00000000fa07c938,0x00000000fa080000)
  to   space 5120K, 0% used [0x00000000f9680000,0x00000000f9680000,0x00000000f9b80000)
 ParOldGen       total 87552K, used 11173K [0x00000000e0000000, 0x00000000e5580000, 0x00000000f5580000)
  object space 87552K, 12% used [0x00000000e0000000,0x00000000e0ae96a8,0x00000000e5580000)
 Metaspace       used 14714K, capacity 14934K, committed 15104K, reserved 1062912K
  class space    used 1695K, capacity 1769K, committed 1792K, reserved 1048576K
}
Event: 1.463 GC heap before
{Heap before GC invocations=3 (full 0):
 PSYoungGen      total 71680K, used 71666K [0x00000000f5580000, 0x00000000fa080000, 0x0000000100000000)
  eden space 66560K, 100% used [0x00000000f5580000,0x00000000f9680000,0x00000000f9680000)
  from space 5120K, 99% used [0x00000000f9b80000,0x00000000fa07c938,0x00000000fa080000)
  to   space 5120K, 0% used [0x00000000f9680000,0x00000000f9680000,0x00000000f9b80000)
 ParOldGen       total 87552K, used 11173K [0x00000000e0000000, 0x00000000e5580000, 0x00000000f5580000)
  object space 87552K, 12% used [0x00000000e0000000,0x00000000e0ae96a8,0x00000000e5580000)
 Metaspace       used 17247K, capacity 17494K, committed 17664K, reserved 1064960K
  class space    used 1929K, capacity 2025K, committed 2048K, reserved 1048576K
Event: 1.477 GC heap after
Heap after GC invocations=3 (full 0):
 PSYoungGen      total 71680K, used 5088K [0x00000000f5580000, 0x00000000fe180000, 0x0000000100000000)
  eden space 66560K, 0% used [0x00000000f5580000,0x00000000f5580000,0x00000000f9680000)
  from space 5120K, 99% used [0x00000000f9680000,0x00000000f9b78020,0x00000000f9b80000)
  to   space 5120K, 0% used [0x00000000fdc80000,0x00000000fdc80000,0x00000000fe180000)
 ParOldGen       total 87552K, used 24239K [0x00000000e0000000, 0x00000000e5580000, 0x00000000f5580000)
  object space 87552K, 27% used [0x00000000e0000000,0x00000000e17abd60,0x00000000e5580000)
 Metaspace       used 17247K, capacity 17494K, committed 17664K, reserved 1064960K
  class space    used 1929K, capacity 2025K, committed 2048K, reserved 1048576K
}
Event: 2.051 GC heap before
{Heap before GC invocations=4 (full 0):
 PSYoungGen      total 71680K, used 57677K [0x00000000f5580000, 0x00000000fe180000, 0x0000000100000000)
  eden space 66560K, 79% used [0x00000000f5580000,0x00000000f88db680,0x00000000f9680000)
  from space 5120K, 99% used [0x00000000f9680000,0x00000000f9b78020,0x00000000f9b80000)
  to   space 5120K, 0% used [0x00000000fdc80000,0x00000000fdc80000,0x00000000fe180000)
 ParOldGen       total 87552K, used 24239K [0x00000000e0000000, 0x00000000e5580000, 0x00000000f5580000)
  object space 87552K, 27% used [0x00000000e0000000,0x00000000e17abd60,0x00000000e5580000)
 Metaspace       used 20259K, capacity 21220K, committed 21296K, reserved 1069056K
  class space    used 2399K, capacity 2612K, committed 2688K, reserved 1048576K
Event: 2.063 GC heap after
Heap after GC invocations=4 (full 0):
 PSYoungGen      total 138240K, used 5088K [0x00000000f5580000, 0x00000000fe180000, 0x0000000100000000)
  eden space 133120K, 0% used [0x00000000f5580000,0x00000000f5580000,0x00000000fd780000)
  from space 5120K, 99% used [0x00000000fdc80000,0x00000000fe178020,0x00000000fe180000)
  to   space 5120K, 0% used [0x00000000fd780000,0x00000000fd780000,0x00000000fdc80000)
 ParOldGen       total 87552K, used 31660K [0x00000000e0000000, 0x00000000e5580000, 0x00000000f5580000)
  object space 87552K, 36% used [0x00000000e0000000,0x00000000e1eeb338,0x00000000e5580000)
 Metaspace       used 20259K, capacity 21220K, committed 21296K, reserved 1069056K
  class space    used 2399K, capacity 2612K, committed 2688K, reserved 1048576K
}
Event: 2.063 GC heap before
{Heap before GC invocations=5 (full 1):
 PSYoungGen      total 138240K, used 5088K [0x00000000f5580000, 0x00000000fe180000, 0x0000000100000000)
  eden space 133120K, 0% used [0x00000000f5580000,0x00000000f5580000,0x00000000fd780000)
  from space 5120K, 99% used [0x00000000fdc80000,0x00000000fe178020,0x00000000fe180000)
  to   space 5120K, 0% used [0x00000000fd780000,0x00000000fd780000,0x00000000fdc80000)
 ParOldGen       total 87552K, used 31660K [0x00000000e0000000, 0x00000000e5580000, 0x00000000f5580000)
  object space 87552K, 36% used [0x00000000e0000000,0x00000000e1eeb338,0x00000000e5580000)
 Metaspace       used 20259K, capacity 21220K, committed 21296K, reserved 1069056K
  class space    used 2399K, capacity 2612K, committed 2688K, reserved 1048576K
Event: 2.115 GC heap after
Heap after GC invocations=5 (full 1):
 PSYoungGen      total 138240K, used 0K [0x00000000f5580000, 0x00000000fe180000, 0x0000000100000000)
  eden space 133120K, 0% used [0x00000000f5580000,0x00000000f5580000,0x00000000fd780000)
  from space 5120K, 0% used [0x00000000fdc80000,0x00000000fdc80000,0x00000000fe180000)
  to   space 5120K, 0% used [0x00000000fd780000,0x00000000fd780000,0x00000000fdc80000)
 ParOldGen       total 89088K, used 22622K [0x00000000e0000000, 0x00000000e5700000, 0x00000000f5580000)
  object space 89088K, 25% used [0x00000000e0000000,0x00000000e16178d0,0x00000000e5700000)
 Metaspace       used 20259K, capacity 21220K, committed 21296K, reserved 1069056K
  class space    used 2399K, capacity 2612K, committed 2688K, reserved 1048576K
}

