# JRE version: Java(TM) SE Runtime Environment (8.0_271-b09) (build 1.8.0_271-b09)
# Java VM: Java HotSpot(TM) 64-Bit Server VM (25.271-b09 mixed mode windows-amd64 compressed oops)
Heap:
 PSYoungGen      total 143360K, used 43545K [0x00000000f5580000, 0x0000000100000000, 0x0000000100000000)
  eden space 125952K, 20% used [0x00000000f5580000,0x00000000f6f085e8,0x00000000fd080000)
  from space 17408K, 99% used [0x00000000fd080000,0x00000000fe17e0c8,0x00000000fe180000)
  to   space 19456K, 0% used [0x00000000fed00000,0x00000000fed00000,0x0000000100000000)
 ParOldGen       total 81920K, used 21870K [0x00000000e0000000, 0x00000000e5000000, 0x00000000f5580000)
  object space 81920K, 26% used [0x00000000e0000000,0x00000000e155b858,0x00000000e5000000)
 Metaspace       used 29175K, capacity 30831K, committed 31024K, reserved 1077248K
  class space    used 3672K, capacity 4044K, committed 4144K, reserved 1048576K
GC Heap History (10 events):
Event: 1.523 GC heap before
{Heap before GC invocations=4 (full 0):
 PSYoungGen      total 38400K, used 38384K [0x00000000f5580000, 0x00000000fa080000, 0x0000000100000000)
  eden space 33280K, 100% used [0x00000000f5580000,0x00000000f7600000,0x00000000f7600000)
  from space 5120K, 99% used [0x00000000f7600000,0x00000000f7afc050,0x00000000f7b00000)
  to   space 5120K, 0% used [0x00000000f9b80000,0x00000000f9b80000,0x00000000fa080000)
 ParOldGen       total 87552K, used 21819K [0x00000000e0000000, 0x00000000e5580000, 0x00000000f5580000)
  object space 87552K, 24% used [0x00000000e0000000,0x00000000e154ee78,0x00000000e5580000)
 Metaspace       used 17248K, capacity 17494K, committed 17664K, reserved 1064960K
  class space    used 1924K, capacity 2025K, committed 2048K, reserved 1048576K
Event: 1.533 GC heap after
Heap after GC invocations=4 (full 0):
 PSYoungGen      total 71680K, used 5104K [0x00000000f5580000, 0x00000000fa080000, 0x0000000100000000)
  eden space 66560K, 0% used [0x00000000f5580000,0x00000000f5580000,0x00000000f9680000)
  from space 5120K, 99% used [0x00000000f9b80000,0x00000000fa07c050,0x00000000fa080000)
  to   space 5120K, 0% used [0x00000000f9680000,0x00000000f9680000,0x00000000f9b80000)
 ParOldGen       total 87552K, used 30130K [0x00000000e0000000, 0x00000000e5580000, 0x00000000f5580000)
  object space 87552K, 34% used [0x00000000e0000000,0x00000000e1d6cab8,0x00000000e5580000)
 Metaspace       used 17248K, capacity 17494K, committed 17664K, reserved 1064960K
  class space    used 1924K, capacity 2025K, committed 2048K, reserved 1048576K
}
Event: 2.058 GC heap before
{Heap before GC invocations=5 (full 0):
 PSYoungGen      total 71680K, used 59202K [0x00000000f5580000, 0x00000000fa080000, 0x0000000100000000)
  eden space 66560K, 81% used [0x00000000f5580000,0x00000000f8a54878,0x00000000f9680000)
  from space 5120K, 99% used [0x00000000f9b80000,0x00000000fa07c050,0x00000000fa080000)
  to   space 5120K, 0% used [0x00000000f9680000,0x00000000f9680000,0x00000000f9b80000)
 ParOldGen       total 87552K, used 30130K [0x00000000e0000000, 0x00000000e5580000, 0x00000000f5580000)
  object space 87552K, 34% used [0x00000000e0000000,0x00000000e1d6cab8,0x00000000e5580000)
 Metaspace       used 20232K, capacity 21201K, committed 21296K, reserved 1069056K
  class space    used 2391K, capacity 2608K, committed 2608K, reserved 1048576K
Event: 2.068 GC heap after
Heap after GC invocations=5 (full 0):
 PSYoungGen      total 71680K, used 5104K [0x00000000f5580000, 0x00000000ff980000, 0x0000000100000000)
  eden space 66560K, 0% used [0x00000000f5580000,0x00000000f5580000,0x00000000f9680000)
  from space 5120K, 99% used [0x00000000f9680000,0x00000000f9b7c070,0x00000000f9b80000)
  to   space 17408K, 0% used [0x00000000fe880000,0x00000000fe880000,0x00000000ff980000)
 ParOldGen       total 87552K, used 37273K [0x00000000e0000000, 0x00000000e5580000, 0x00000000f5580000)
  object space 87552K, 42% used [0x00000000e0000000,0x00000000e24666a8,0x00000000e5580000)
 Metaspace       used 20232K, capacity 21201K, committed 21296K, reserved 1069056K
  class space    used 2391K, capacity 2608K, committed 2608K, reserved 1048576K
}
Event: 2.068 GC heap before
{Heap before GC invocations=6 (full 1):
 PSYoungGen      total 71680K, used 5104K [0x00000000f5580000, 0x00000000ff980000, 0x0000000100000000)
  eden space 66560K, 0% used [0x00000000f5580000,0x00000000f5580000,0x00000000f9680000)
  from space 5120K, 99% used [0x00000000f9680000,0x00000000f9b7c070,0x00000000f9b80000)
  to   space 17408K, 0% used [0x00000000fe880000,0x00000000fe880000,0x00000000ff980000)
 ParOldGen       total 87552K, used 37273K [0x00000000e0000000, 0x00000000e5580000, 0x00000000f5580000)
  object space 87552K, 42% used [0x00000000e0000000,0x00000000e24666a8,0x00000000e5580000)
 Metaspace       used 20232K, capacity 21201K, committed 21296K, reserved 1069056K
  class space    used 2391K, capacity 2608K, committed 2608K, reserved 1048576K
Event: 2.117 GC heap after
Heap after GC invocations=6 (full 1):
 PSYoungGen      total 71680K, used 0K [0x00000000f5580000, 0x00000000ff980000, 0x0000000100000000)
  eden space 66560K, 0% used [0x00000000f5580000,0x00000000f5580000,0x00000000f9680000)
  from space 5120K, 0% used [0x00000000f9680000,0x00000000f9680000,0x00000000f9b80000)
  to   space 17408K, 0% used [0x00000000fe880000,0x00000000fe880000,0x00000000ff980000)
 ParOldGen       total 81920K, used 21287K [0x00000000e0000000, 0x00000000e5000000, 0x00000000f5580000)
  object space 81920K, 25% used [0x00000000e0000000,0x00000000e14c9e40,0x00000000e5000000)
 Metaspace       used 20232K, capacity 21201K, committed 21296K, reserved 1069056K
  class space    used 2391K, capacity 2608K, committed 2608K, reserved 1048576K
}
Event: 2.866 GC heap before
{Heap before GC invocations=7 (full 1):
 PSYoungGen      total 71680K, used 66560K [0x00000000f5580000, 0x00000000ff980000, 0x0000000100000000)
  eden space 66560K, 100% used [0x00000000f5580000,0x00000000f9680000,0x00000000f9680000)
  from space 5120K, 0% used [0x00000000f9680000,0x00000000f9680000,0x00000000f9b80000)
  to   space 17408K, 0% used [0x00000000fe880000,0x00000000fe880000,0x00000000ff980000)
 ParOldGen       total 81920K, used 21287K [0x00000000e0000000, 0x00000000e5000000, 0x00000000f5580000)
  object space 81920K, 25% used [0x00000000e0000000,0x00000000e14c9e40,0x00000000e5000000)
 Metaspace       used 23928K, capacity 24965K, committed 25136K, reserved 1071104K
  class space    used 2828K, capacity 3081K, committed 3120K, reserved 1048576K
Event: 2.876 GC heap after
Heap after GC invocations=7 (full 1):
 PSYoungGen      total 110592K, used 10073K [0x00000000f5580000, 0x00000000ff280000, 0x0000000100000000)
  eden space 100352K, 0% used [0x00000000f5580000,0x00000000f5580000,0x00000000fb780000)
  from space 10240K, 98% used [0x00000000fe880000,0x00000000ff2564a8,0x00000000ff280000)
  to   space 17408K, 0% used [0x00000000fd080000,0x00000000fd080000,0x00000000fe180000)
 ParOldGen       total 81920K, used 21295K [0x00000000e0000000, 0x00000000e5000000, 0x00000000f5580000)
  object space 81920K, 25% used [0x00000000e0000000,0x00000000e14cbe40,0x00000000e5000000)
 Metaspace       used 23928K, capacity 24965K, committed 25136K, reserved 1071104K
  class space    used 2828K, capacity 3081K, committed 3120K, reserved 1048576K
}
Event: 9.170 GC heap before
{Heap before GC invocations=8 (full 1):
 PSYoungGen      total 110592K, used 110425K [0x00000000f5580000, 0x00000000ff280000, 0x0000000100000000)
  eden space 100352K, 100% used [0x00000000f5580000,0x00000000fb780000,0x00000000fb780000)
  from space 10240K, 98% used [0x00000000fe880000,0x00000000ff2564a8,0x00000000ff280000)
  to   space 17408K, 0% used [0x00000000fd080000,0x00000000fd080000,0x00000000fe180000)
 ParOldGen       total 81920K, used 21295K [0x00000000e0000000, 0x00000000e5000000, 0x00000000f5580000)
  object space 81920K, 25% used [0x00000000e0000000,0x00000000e14cbe40,0x00000000e5000000)
 Metaspace       used 28529K, capacity 30233K, committed 30384K, reserved 1075200K
  class space    used 3539K, capacity 3907K, committed 4016K, reserved 1048576K
Event: 9.193 GC heap after
Heap after GC invocations=8 (full 1):
 PSYoungGen      total 143360K, used 17400K [0x00000000f5580000, 0x0000000100000000, 0x0000000100000000)
  eden space 125952K, 0% used [0x00000000f5580000,0x00000000f5580000,0x00000000fd080000)
  from space 17408K, 99% used [0x00000000fd080000,0x00000000fe17e0c8,0x00000000fe180000)
  to   space 19456K, 0% used [0x00000000fed00000,0x00000000fed00000,0x0000000100000000)
 ParOldGen       total 81920K, used 21870K [0x00000000e0000000, 0x00000000e5000000, 0x00000000f5580000)
  object space 81920K, 26% used [0x00000000e0000000,0x00000000e155b858,0x00000000e5000000)
 Metaspace       used 28529K, capacity 30233K, committed 30384K, reserved 1075200K
  class space    used 3539K, capacity 3907K, committed 4016K, reserved 1048576K
}

