# JRE version: Java(TM) SE Runtime Environment (8.0_271-b09) (build 1.8.0_271-b09)
# Java VM: Java HotSpot(TM) 64-Bit Server VM (25.271-b09 mixed mode windows-amd64 compressed oops)
Heap:
 PSYoungGen      total 120832K, used 30985K [0x00000000f5580000, 0x00000000ff280000, 0x0000000100000000)
  eden space 103424K, 13% used [0x00000000f5580000,0x00000000f62c7928,0x00000000fba80000)
  from space 17408K, 99% used [0x00000000fd080000,0x00000000fe17acf8,0x00000000fe180000)
  to   space 10240K, 0% used [0x00000000fe880000,0x00000000fe880000,0x00000000ff280000)
 ParOldGen       total 80384K, used 21673K [0x00000000e0000000, 0x00000000e4e80000, 0x00000000f5580000)
  object space 80384K, 26% used [0x00000000e0000000,0x00000000e152a5f8,0x00000000e4e80000)
 Metaspace       used 28717K, capacity 30414K, committed 30592K, reserved 1075200K
  class space    used 3553K, capacity 3947K, committed 3968K, reserved 1048576K
GC Heap History (10 events):
Event: 1.457 GC heap before
{Heap before GC invocations=4 (full 0):
 PSYoungGen      total 38400K, used 38384K [0x00000000f5580000, 0x00000000fa080000, 0x0000000100000000)
  eden space 33280K, 100% used [0x00000000f5580000,0x00000000f7600000,0x00000000f7600000)
  from space 5120K, 99% used [0x00000000f7600000,0x00000000f7afc010,0x00000000f7b00000)
  to   space 5120K, 0% used [0x00000000f9b80000,0x00000000f9b80000,0x00000000fa080000)
 ParOldGen       total 87552K, used 21910K [0x00000000e0000000, 0x00000000e5580000, 0x00000000f5580000)
  object space 87552K, 25% used [0x00000000e0000000,0x00000000e1565b08,0x00000000e5580000)
 Metaspace       used 17244K, capacity 17494K, committed 17664K, reserved 1064960K
  class space    used 1929K, capacity 2025K, committed 2048K, reserved 1048576K
Event: 1.468 GC heap after
Heap after GC invocations=4 (full 0):
 PSYoungGen      total 71680K, used 5104K [0x00000000f5580000, 0x00000000fa080000, 0x0000000100000000)
  eden space 66560K, 0% used [0x00000000f5580000,0x00000000f5580000,0x00000000f9680000)
  from space 5120K, 99% used [0x00000000f9b80000,0x00000000fa07c010,0x00000000fa080000)
  to   space 5120K, 0% used [0x00000000f9680000,0x00000000f9680000,0x00000000f9b80000)
 ParOldGen       total 87552K, used 30279K [0x00000000e0000000, 0x00000000e5580000, 0x00000000f5580000)
  object space 87552K, 34% used [0x00000000e0000000,0x00000000e1d91de0,0x00000000e5580000)
 Metaspace       used 17244K, capacity 17494K, committed 17664K, reserved 1064960K
  class space    used 1929K, capacity 2025K, committed 2048K, reserved 1048576K
}
Event: 2.039 GC heap before
{Heap before GC invocations=5 (full 0):
 PSYoungGen      total 71680K, used 57270K [0x00000000f5580000, 0x00000000fa080000, 0x0000000100000000)
  eden space 66560K, 78% used [0x00000000f5580000,0x00000000f8871b20,0x00000000f9680000)
  from space 5120K, 99% used [0x00000000f9b80000,0x00000000fa07c010,0x00000000fa080000)
  to   space 5120K, 0% used [0x00000000f9680000,0x00000000f9680000,0x00000000f9b80000)
 ParOldGen       total 87552K, used 30279K [0x00000000e0000000, 0x00000000e5580000, 0x00000000f5580000)
  object space 87552K, 34% used [0x00000000e0000000,0x00000000e1d91de0,0x00000000e5580000)
 Metaspace       used 20272K, capacity 21218K, committed 21296K, reserved 1069056K
  class space    used 2399K, capacity 2611K, committed 2688K, reserved 1048576K
Event: 2.054 GC heap after
Heap after GC invocations=5 (full 0):
 PSYoungGen      total 71680K, used 5104K [0x00000000f5580000, 0x00000000ff980000, 0x0000000100000000)
  eden space 66560K, 0% used [0x00000000f5580000,0x00000000f5580000,0x00000000f9680000)
  from space 5120K, 99% used [0x00000000f9680000,0x00000000f9b7c010,0x00000000f9b80000)
  to   space 17408K, 0% used [0x00000000fe880000,0x00000000fe880000,0x00000000ff980000)
 ParOldGen       total 87552K, used 37204K [0x00000000e0000000, 0x00000000e5580000, 0x00000000f5580000)
  object space 87552K, 42% used [0x00000000e0000000,0x00000000e24550a8,0x00000000e5580000)
 Metaspace       used 20272K, capacity 21218K, committed 21296K, reserved 1069056K
  class space    used 2399K, capacity 2611K, committed 2688K, reserved 1048576K
}
Event: 2.054 GC heap before
{Heap before GC invocations=6 (full 1):
 PSYoungGen      total 71680K, used 5104K [0x00000000f5580000, 0x00000000ff980000, 0x0000000100000000)
  eden space 66560K, 0% used [0x00000000f5580000,0x00000000f5580000,0x00000000f9680000)
  from space 5120K, 99% used [0x00000000f9680000,0x00000000f9b7c010,0x00000000f9b80000)
  to   space 17408K, 0% used [0x00000000fe880000,0x00000000fe880000,0x00000000ff980000)
 ParOldGen       total 87552K, used 37204K [0x00000000e0000000, 0x00000000e5580000, 0x00000000f5580000)
  object space 87552K, 42% used [0x00000000e0000000,0x00000000e24550a8,0x00000000e5580000)
 Metaspace       used 20272K, capacity 21218K, committed 21296K, reserved 1069056K
  class space    used 2399K, capacity 2611K, committed 2688K, reserved 1048576K
Event: 2.099 GC heap after
Heap after GC invocations=6 (full 1):
 PSYoungGen      total 71680K, used 0K [0x00000000f5580000, 0x00000000ff980000, 0x0000000100000000)
  eden space 66560K, 0% used [0x00000000f5580000,0x00000000f5580000,0x00000000f9680000)
  from space 5120K, 0% used [0x00000000f9680000,0x00000000f9680000,0x00000000f9b80000)
  to   space 17408K, 0% used [0x00000000fe880000,0x00000000fe880000,0x00000000ff980000)
 ParOldGen       total 80384K, used 20335K [0x00000000e0000000, 0x00000000e4e80000, 0x00000000f5580000)
  object space 80384K, 25% used [0x00000000e0000000,0x00000000e13dbdc0,0x00000000e4e80000)
 Metaspace       used 20272K, capacity 21218K, committed 21296K, reserved 1069056K
  class space    used 2399K, capacity 2611K, committed 2688K, reserved 1048576K
}
Event: 2.831 GC heap before
{Heap before GC invocations=7 (full 1):
 PSYoungGen      total 71680K, used 66560K [0x00000000f5580000, 0x00000000ff980000, 0x0000000100000000)
  eden space 66560K, 100% used [0x00000000f5580000,0x00000000f9680000,0x00000000f9680000)
  from space 5120K, 0% used [0x00000000f9680000,0x00000000f9680000,0x00000000f9b80000)
  to   space 17408K, 0% used [0x00000000fe880000,0x00000000fe880000,0x00000000ff980000)
 ParOldGen       total 80384K, used 20335K [0x00000000e0000000, 0x00000000e4e80000, 0x00000000f5580000)
  object space 80384K, 25% used [0x00000000e0000000,0x00000000e13dbdc0,0x00000000e4e80000)
 Metaspace       used 23970K, capacity 25032K, committed 25216K, reserved 1071104K
  class space    used 2830K, capacity 3080K, committed 3200K, reserved 1048576K
Event: 2.842 GC heap after
Heap after GC invocations=7 (full 1):
 PSYoungGen      total 113664K, used 10099K [0x00000000f5580000, 0x00000000ff280000, 0x0000000100000000)
  eden space 103424K, 0% used [0x00000000f5580000,0x00000000f5580000,0x00000000fba80000)
  from space 10240K, 98% used [0x00000000fe880000,0x00000000ff25cc00,0x00000000ff280000)
  to   space 17408K, 0% used [0x00000000fd080000,0x00000000fd080000,0x00000000fe180000)
 ParOldGen       total 80384K, used 20343K [0x00000000e0000000, 0x00000000e4e80000, 0x00000000f5580000)
  object space 80384K, 25% used [0x00000000e0000000,0x00000000e13dddc0,0x00000000e4e80000)
 Metaspace       used 23970K, capacity 25032K, committed 25216K, reserved 1071104K
  class space    used 2830K, capacity 3080K, committed 3200K, reserved 1048576K
}
Event: 10.542 GC heap before
{Heap before GC invocations=8 (full 1):
 PSYoungGen      total 113664K, used 113523K [0x00000000f5580000, 0x00000000ff280000, 0x0000000100000000)
  eden space 103424K, 100% used [0x00000000f5580000,0x00000000fba80000,0x00000000fba80000)
  from space 10240K, 98% used [0x00000000fe880000,0x00000000ff25cc00,0x00000000ff280000)
  to   space 17408K, 0% used [0x00000000fd080000,0x00000000fd080000,0x00000000fe180000)
 ParOldGen       total 80384K, used 20343K [0x00000000e0000000, 0x00000000e4e80000, 0x00000000f5580000)
  object space 80384K, 25% used [0x00000000e0000000,0x00000000e13dddc0,0x00000000e4e80000)
 Metaspace       used 28606K, capacity 30254K, committed 30336K, reserved 1075200K
  class space    used 3550K, capacity 3915K, committed 3968K, reserved 1048576K
Event: 10.563 GC heap after
Heap after GC invocations=8 (full 1):
 PSYoungGen      total 120832K, used 17387K [0x00000000f5580000, 0x00000000ff280000, 0x0000000100000000)
  eden space 103424K, 0% used [0x00000000f5580000,0x00000000f5580000,0x00000000fba80000)
  from space 17408K, 99% used [0x00000000fd080000,0x00000000fe17acf8,0x00000000fe180000)
  to   space 10240K, 0% used [0x00000000fe880000,0x00000000fe880000,0x00000000ff280000)
 ParOldGen       total 80384K, used 21673K [0x00000000e0000000, 0x00000000e4e80000, 0x00000000f5580000)
  object space 80384K, 26% used [0x00000000e0000000,0x00000000e152a5f8,0x00000000e4e80000)
 Metaspace       used 28606K, capacity 30254K, committed 30336K, reserved 1075200K
  class space    used 3550K, capacity 3915K, committed 3968K, reserved 1048576K
}

